#
# There is insufficient memory for the Java Runtime Environment to continue.
# Native memory allocation (mmap) failed to map 132120576 bytes for G1 virtual space
# Possible reasons:
#   The system is out of physical RAM or swap space
#   The process is running with CompressedOops enabled, and the Java Heap may be blocking the growth of the native heap
# Possible solutions:
#   Reduce memory load on the system
#   Increase physical memory or swap space
#   Check if swap backing store is full
#   Decrease Java heap size (-Xmx/-Xms)
#   Decrease number of Java threads
#   Decrease Java thread stack sizes (-Xss)
#   Set larger code cache with -XX:ReservedCodeCacheSize=
#   JVM is running with Unscaled Compressed Oops mode in which the Java heap is
#     placed in the first 4GB address space. The Java Heap base address is the
#     maximum limit for the native heap growth. Please use -XX:HeapBaseMinAddress
#     to set the Java Heap base and to place the Java Heap above 4GB virtual address.
# This output file may be truncated or incomplete.
#
#  Out of Memory Error (os_windows.cpp:3466), pid=11868, tid=20544
#
# JRE version:  (16.0.2+7) (build )
# Java VM: OpenJDK 64-Bit Server VM (16.0.2+7-67, mixed mode, sharing, tiered, compressed oops, compressed class ptrs, g1 gc, windows-amd64)
# No core dump will be written. Minidumps are not enabled by default on client versions of Windows
#

---------------  S U M M A R Y ------------

Command Line: C:\Users\vageesh\AppData\Local\Temp\surefire11451513522600993887\surefirebooter-20251219014629654_3.jar C:\Users\vageesh\AppData\Local\Temp\surefire11451513522600993887 2025-12-19T01-46-29_467-jvmRun1 surefire-20251219014629654_1tmp surefire_0-20251219014629654_2tmp

Host: Intel(R) Core(TM) i5-10210U CPU @ 1.60GHz, 8 cores, 7G,  Windows 10 , 64 bit Build 26100 (10.0.26100.7309)
Time: Fri Dec 19 01:46:29 2025 India Standard Time elapsed time: 0.012275 seconds (0d 0h 0m 0s)

---------------  T H R E A D  ---------------

Current thread (0x000001f9312ddc50):  JavaThread "Unknown thread" [_thread_in_vm, id=20544, stack(0x000000ccdd700000,0x000000ccdd800000)]

Stack: [0x000000ccdd700000,0x000000ccdd800000]
Native frames: (J=compiled Java code, j=interpreted, Vv=VM code, C=native code)
V  [jvm.dll+0x6681ca]
V  [jvm.dll+0x7c9e69]
V  [jvm.dll+0x7cb61e]
V  [jvm.dll+0x7cbc73]
V  [jvm.dll+0x242c55]
V  [jvm.dll+0x664f89]
V  [jvm.dll+0x659b75]
V  [jvm.dll+0x2fbfbb]
V  [jvm.dll+0x3031b6]
V  [jvm.dll+0x35299e]
V  [jvm.dll+0x352bcf]
V  [jvm.dll+0x2d3028]
V  [jvm.dll+0x2d4264]
V  [jvm.dll+0x79c741]
V  [jvm.dll+0x360791]
V  [jvm.dll+0x77a3f0]
V  [jvm.dll+0x3e4e8f]
V  [jvm.dll+0x3e6961]
C  [jli.dll+0x52fb]
C  [ucrtbase.dll+0x37b0]
C  [KERNEL32.DLL+0x2e8d7]
C  [ntdll.dll+0x8c53c]


---------------  P R O C E S S  ---------------

Threads class SMR info:
_java_thread_list=0x00007ffb7f1fcbb8, length=0, elements={
}

Java Threads: ( => current thread )

Other Threads:
  0x000001f93131fb10 GCTaskThread "GC Thread#0" [stack: 0x000000ccdd800000,0x000000ccdd900000] [id=17132]
  0x000001f9313312f0 ConcurrentGCThread "G1 Main Marker" [stack: 0x000000ccdd900000,0x000000ccdda00000] [id=4136]
  0x000001f931333420 ConcurrentGCThread "G1 Conc#0" [stack: 0x000000ccdda00000,0x000000ccddb00000] [id=4152]

[error occurred during error reporting (printing all threads), id 0xc0000005, EXCEPTION_ACCESS_VIOLATION (0xc0000005) at pc=0x00007ffb7e9d3ee7]

VM state: not at safepoint (not fully initialized)

VM Mutex/Monitor currently owned by a thread:  ([mutex/lock_event])
[0x000001f9312dac90] Heap_lock - owner thread: 0x000001f9312ddc50

Heap address: 0x0000000082a00000, size: 2006 MB, Compressed Oops mode: 32-bit

CDS archive(s) mapped at: [0x0000000000000000-0x0000000000000000-0x0000000000000000), size 0, SharedBaseAddress: 0x0000000800000000, ArchiveRelocationMode: 0.
Narrow klass base: 0x0000000000000000, Narrow klass shift: 0, Narrow klass range: 0x0

GC Precious Log:
<Empty>

Heap:
 garbage-first heap   total 0K, used 0K [0x0000000082a00000, 0x0000000100000000)
  region size 1024K, 0 young (0K), 0 survivors (0K)

[error occurred during error reporting (printing heap information), id 0xc0000005, EXCEPTION_ACCESS_VIOLATION (0xc0000005) at pc=0x00007ffb7edb1eed]

GC Heap History (0 events):
No events

Deoptimization events (0 events):
No events

Classes unloaded (0 events):
No events

Classes redefined (0 events):
No events

Internal exceptions (0 events):
No events

Events (1 events):
Event: 0.007 Loaded shared library C:\Users\vageesh\Downloads\eclipse-jee-2021-09-R-win32-x86_64\eclipse\plugins\org.eclipse.justj.openjdk.hotspot.jre.full.win32.x86_64_16.0.2.v20210721-1149\jre\bin\java.dll


Dynamic libraries:
0x00007ff723290000 - 0x00007ff72329e000 	C:\Users\vageesh\Downloads\eclipse-jee-2021-09-R-win32-x86_64\eclipse\plugins\org.eclipse.justj.openjdk.hotspot.jre.full.win32.x86_64_16.0.2.v20210721-1149\jre\bin\java.exe
0x00007ffbf5620000 - 0x00007ffbf5887000 	C:\WINDOWS\SYSTEM32\ntdll.dll
0x00007ffbf4180000 - 0x00007ffbf4249000 	C:\WINDOWS\System32\KERNEL32.DLL
0x00007ffbf2de0000 - 0x00007ffbf31cf000 	C:\WINDOWS\System32\KERNELBASE.dll
0x00007ffbf2a20000 - 0x00007ffbf2b6b000 	C:\WINDOWS\System32\ucrtbase.dll
0x00007ffbe13e0000 - 0x00007ffbe13f9000 	C:\Users\vageesh\Downloads\eclipse-jee-2021-09-R-win32-x86_64\eclipse\plugins\org.eclipse.justj.openjdk.hotspot.jre.full.win32.x86_64_16.0.2.v20210721-1149\jre\bin\VCRUNTIME140.dll
0x00007ffbdd210000 - 0x00007ffbdd228000 	C:\Users\vageesh\Downloads\eclipse-jee-2021-09-R-win32-x86_64\eclipse\plugins\org.eclipse.justj.openjdk.hotspot.jre.full.win32.x86_64_16.0.2.v20210721-1149\jre\bin\jli.dll
0x00007ffbf4910000 - 0x00007ffbf4ad5000 	C:\WINDOWS\System32\USER32.dll
0x00007ffbdb300000 - 0x00007ffbdb593000 	C:\WINDOWS\WinSxS\amd64_microsoft.windows.common-controls_6595b64144ccf1df_6.0.26100.7309_none_3e05feeae336a044\COMCTL32.dll
0x00007ffbf2cf0000 - 0x00007ffbf2d17000 	C:\WINDOWS\System32\win32u.dll
0x00007ffbf3420000 - 0x00007ffbf34c9000 	C:\WINDOWS\System32\msvcrt.dll
0x00007ffbf5340000 - 0x00007ffbf536b000 	C:\WINDOWS\System32\GDI32.dll
0x00007ffbf3290000 - 0x00007ffbf33bc000 	C:\WINDOWS\System32\gdi32full.dll
0x00007ffbf31e0000 - 0x00007ffbf3283000 	C:\WINDOWS\System32\msvcp_win.dll
0x00007ffbf33c0000 - 0x00007ffbf33f1000 	C:\WINDOWS\System32\IMM32.DLL
0x00007ffbea0d0000 - 0x00007ffbea0dc000 	C:\Users\vageesh\Downloads\eclipse-jee-2021-09-R-win32-x86_64\eclipse\plugins\org.eclipse.justj.openjdk.hotspot.jre.full.win32.x86_64_16.0.2.v20210721-1149\jre\bin\vcruntime140_1.dll
0x00007ffbbc560000 - 0x00007ffbbc5f1000 	C:\Users\vageesh\Downloads\eclipse-jee-2021-09-R-win32-x86_64\eclipse\plugins\org.eclipse.justj.openjdk.hotspot.jre.full.win32.x86_64_16.0.2.v20210721-1149\jre\bin\msvcp140.dll
0x00007ffb7e6f0000 - 0x00007ffb7f29b000 	C:\Users\vageesh\Downloads\eclipse-jee-2021-09-R-win32-x86_64\eclipse\plugins\org.eclipse.justj.openjdk.hotspot.jre.full.win32.x86_64_16.0.2.v20210721-1149\jre\bin\server\jvm.dll
0x00007ffbf4250000 - 0x00007ffbf4304000 	C:\WINDOWS\System32\ADVAPI32.dll
0x00007ffbf34d0000 - 0x00007ffbf3576000 	C:\WINDOWS\System32\sechost.dll
0x00007ffbf5210000 - 0x00007ffbf5328000 	C:\WINDOWS\System32\RPCRT4.dll
0x00007ffbf5330000 - 0x00007ffbf5338000 	C:\WINDOWS\System32\PSAPI.DLL
0x00007ffbe1dc0000 - 0x00007ffbe1df5000 	C:\WINDOWS\SYSTEM32\WINMM.dll
0x00007ffbe69f0000 - 0x00007ffbe69fb000 	C:\WINDOWS\SYSTEM32\VERSION.dll
0x00007ffbdbbe0000 - 0x00007ffbdbbea000 	C:\WINDOWS\SYSTEM32\WSOCK32.dll
0x00007ffbf5400000 - 0x00007ffbf5474000 	C:\WINDOWS\System32\WS2_32.dll
0x00007ffbf1500000 - 0x00007ffbf151b000 	C:\WINDOWS\SYSTEM32\kernel.appcore.dll
0x00007ffbdaa20000 - 0x00007ffbdaa2a000 	C:\Users\vageesh\Downloads\eclipse-jee-2021-09-R-win32-x86_64\eclipse\plugins\org.eclipse.justj.openjdk.hotspot.jre.full.win32.x86_64_16.0.2.v20210721-1149\jre\bin\jimage.dll
0x00007ffbecdc0000 - 0x00007ffbed002000 	C:\WINDOWS\SYSTEM32\DBGHELP.DLL
0x00007ffbf4d10000 - 0x00007ffbf5095000 	C:\WINDOWS\System32\combase.dll
0x00007ffbf4830000 - 0x00007ffbf4906000 	C:\WINDOWS\System32\OLEAUT32.dll
0x00007ffbd65c0000 - 0x00007ffbd65fc000 	C:\WINDOWS\SYSTEM32\dbgcore.DLL
0x00007ffbf2800000 - 0x00007ffbf28a5000 	C:\WINDOWS\System32\bcryptPrimitives.dll
0x00007ffbc63b0000 - 0x00007ffbc63d5000 	C:\Users\vageesh\Downloads\eclipse-jee-2021-09-R-win32-x86_64\eclipse\plugins\org.eclipse.justj.openjdk.hotspot.jre.full.win32.x86_64_16.0.2.v20210721-1149\jre\bin\java.dll

dbghelp: loaded successfully - version: 4.0.5 - missing functions: none
symbol engine: initialized successfully - sym options: 0x614 - pdb path: .;C:\Users\vageesh\Downloads\eclipse-jee-2021-09-R-win32-x86_64\eclipse\plugins\org.eclipse.justj.openjdk.hotspot.jre.full.win32.x86_64_16.0.2.v20210721-1149\jre\bin;C:\WINDOWS\SYSTEM32;C:\WINDOWS\WinSxS\amd64_microsoft.windows.common-controls_6595b64144ccf1df_6.0.26100.7309_none_3e05feeae336a044;C:\Users\vageesh\Downloads\eclipse-jee-2021-09-R-win32-x86_64\eclipse\plugins\org.eclipse.justj.openjdk.hotspot.jre.full.win32.x86_64_16.0.2.v20210721-1149\jre\bin\server

VM Arguments:
java_command: C:\Users\vageesh\AppData\Local\Temp\surefire11451513522600993887\surefirebooter-20251219014629654_3.jar C:\Users\vageesh\AppData\Local\Temp\surefire11451513522600993887 2025-12-19T01-46-29_467-jvmRun1 surefire-20251219014629654_1tmp surefire_0-20251219014629654_2tmp
java_class_path (initial): C:\Users\vageesh\AppData\Local\Temp\surefire11451513522600993887\surefirebooter-20251219014629654_3.jar
Launcher Type: SUN_STANDARD

[Global flags]
     intx CICompilerCount                          = 4                                         {product} {ergonomic}
     uint ConcGCThreads                            = 2                                         {product} {ergonomic}
     uint G1ConcRefinementThreads                  = 8                                         {product} {ergonomic}
   size_t G1HeapRegionSize                         = 1048576                                   {product} {ergonomic}
    uintx GCDrainStackTargetSize                   = 64                                        {product} {ergonomic}
   size_t InitialHeapSize                          = 132120576                                 {product} {ergonomic}
   size_t MarkStackSize                            = 4194304                                   {product} {ergonomic}
   size_t MaxHeapSize                              = 2103443456                                {product} {ergonomic}
   size_t MinHeapDeltaBytes                        = 1048576                                   {product} {ergonomic}
   size_t MinHeapSize                              = 8388608                                   {product} {ergonomic}
    uintx NonNMethodCodeHeapSize                   = 5839372                                {pd product} {ergonomic}
    uintx NonProfiledCodeHeapSize                  = 122909434                              {pd product} {ergonomic}
    uintx ProfiledCodeHeapSize                     = 122909434                              {pd product} {ergonomic}
    uintx ReservedCodeCacheSize                    = 251658240                              {pd product} {ergonomic}
     bool SegmentedCodeCache                       = true                                      {product} {ergonomic}
   size_t SoftMaxHeapSize                          = 2103443456                             {manageable} {ergonomic}
     bool UseCompressedClassPointers               = true                           {product lp64_product} {ergonomic}
     bool UseCompressedOops                        = true                           {product lp64_product} {ergonomic}
     bool UseG1GC                                  = true                                      {product} {ergonomic}
     bool UseLargePagesIndividualAllocation        = false                                  {pd product} {ergonomic}

Logging:
Log output configuration:
 #0: stdout all=warning uptime,level,tags
 #1: stderr all=off uptime,level,tags

Environment Variables:
JAVA_HOME=C:\Program Files\AdoptOpenJDK\jdk-8.0.282.8-openj9\
PATH=C:/Users/vageesh/Downloads/eclipse-jee-2021-09-R-win32-x86_64/eclipse//plugins/org.eclipse.justj.openjdk.hotspot.jre.full.win32.x86_64_16.0.2.v20210721-1149/jre/bin/server;C:/Users/vageesh/Downloads/eclipse-jee-2021-09-R-win32-x86_64/eclipse//plugins/org.eclipse.justj.openjdk.hotspot.jre.full.win32.x86_64_16.0.2.v20210721-1149/jre/bin;C:\Program Files\Common Files\Oracle\Java\javapath;C:\Program Files\AdoptOpenJDK\jdk-8.0.282.8-openj9\bin;C:\Windows\system32;C:\Windows;C:\Windows\System32\Wbem;C:\Windows\System32\WindowsPowerShell\v1.0\;C:\Windows\System32\OpenSSH\;C:\Program Files (x86)\NVIDIA Corporation\PhysX\Common;C:\Program Files\NVIDIA Corporation\NVIDIA NvDLISR;C:\WINDOWS\system32;C:\WINDOWS;C:\WINDOWS\System32\Wbem;C:\WINDOWS\System32\WindowsPowerShell\v1.0\;C:\WINDOWS\System32\OpenSSH\;C:\Program Files\dotnet\;C:\python\Scripts;C:\python;;C:\Program Files\Docker\Docker\resources\bin;C:\Program Files\MySQL\MySQL Shell 8.0\bin\;C:\Users\vageesh\AppData\Local\Microsoft\WindowsApps;C:\Program Files\JetBrains\PyCharm Community Edition 2022.3\bin;;C:\Users\vageesh\AppData\Local\Programs\Python\Python311\Scripts;C:\Users\vageesh\Downloads\eclipse-jee-2021-09-R-win32-x86_64\eclipse;
USERNAME=vageesh
OS=Windows_NT
PROCESSOR_IDENTIFIER=Intel64 Family 6 Model 142 Stepping 12, GenuineIntel



---------------  S Y S T E M  ---------------

OS:
 Windows 10 , 64 bit Build 26100 (10.0.26100.7309)
OS uptime: 0 days 1:38 hours
Hyper-V role detected

CPU: total 8 (initial active 8) (4 cores per cpu, 2 threads per core) family 6 model 142 stepping 12 microcode 0xde, cx8, cmov, fxsr, ht, mmx, 3dnowpref, sse, sse2, sse3, ssse3, sse4.1, sse4.2, popcnt, lzcnt, tsc, tscinvbit, avx, avx2, aes, erms, clmul, bmi1, bmi2, adx, fma, vzeroupper, clflush, clflushopt, hv

Memory: 4k page, system-wide physical 8022M (1136M free)
TotalPageFile size 11845M (AvailPageFile size 84M)
current process WorkingSet (physical memory assigned to process): 12M, peak: 12M
current process commit charge ("private bytes"): 60M, peak: 186M

vm_info: OpenJDK 64-Bit Server VM (16.0.2+7-67) for windows-amd64 JRE (16.0.2+7-67), built on Jun  8 2021 23:21:43 by "mach5one" with MS VC++ 16.7 (VS2019)

END.
