2026-01-19 11:38:11 WARN  TestNGContentHandler:133 - It is strongly recommended to add "<!DOCTYPE suite SYSTEM "https://testng.org/testng-1.0.dtd" >" at the top of the suite file [D:\imp\selenium\OpenKart\master.xml] otherwise TestNG may fail or not work as expected.
2026-01-19 11:38:11 INFO  Utils:112 - [TestNG] Running:
  D:\imp\selenium\OpenKart\master.xml

2026-01-19 11:39:59 INFO  Utils:112 - [TestNG] Running:
  D:\imp\selenium\OpenKart\parallel.xml

2026-01-19 11:40:08 INFO  TC_002_LoginTest:16 - Starting TC_002_LoginTest
2026-01-19 11:40:09 INFO  TC_001_AccountRegistrationTest:15 - Strating TC_001_AccountRegistrationtTest
2026-01-19 11:40:09 INFO  TC_005_AddToCart:14 -  Starting TC_005_AddToCartPageTest 
2026-01-19 11:40:09 INFO  TC_004_SearchPage:20 -  Starting TC_004_SearchProductTest 
2026-01-19 11:40:09 INFO  TC_001_AccountRegistrationTest:19 - Clicked on My Account 
2026-01-19 11:40:10 INFO  TC_001_AccountRegistrationTest:22 - Clicked on Register 
2026-01-19 11:40:11 INFO  TC_004_SearchPage:42 -  Finished TC_004_SearchProductTest 
2026-01-19 11:40:13 INFO  TC_003_LoginDDT:26 - **** Starting TC_003_LoginDDT *****
2026-01-19 11:40:16 INFO  TC_001_AccountRegistrationTest:27 - Provided First Name 
2026-01-19 11:40:16 INFO  TC_001_AccountRegistrationTest:30 - Provided Last Name 
2026-01-19 11:40:16 INFO  TC_001_AccountRegistrationTest:34 - Provided Email 
2026-01-19 11:40:16 INFO  TC_001_AccountRegistrationTest:37 - Provided Telephone 
2026-01-19 11:40:17 INFO  TC_001_AccountRegistrationTest:40 - Provided Password 
2026-01-19 11:40:17 INFO  TC_001_AccountRegistrationTest:43 - Provided Confrmed Password 
2026-01-19 11:40:17 INFO  TC_001_AccountRegistrationTest:46 - Set Privacy Policy 
2026-01-19 11:40:17 INFO  TC_001_AccountRegistrationTest:49 - Clicked on Continue 
2026-01-19 11:40:19 INFO  TC_002_LoginTest:45 -  Finished TC_002_LoginTest
2026-01-19 11:40:20 INFO  TC_001_AccountRegistrationTest:61 - Finished TC_001_AccountRegistrationtTest
2026-01-19 11:40:27 INFO  TC_003_LoginDDT:76 - **** Finished TC_003_LoginDDT *****
2026-01-19 11:40:27 INFO  TC_003_LoginDDT:26 - **** Starting TC_003_LoginDDT *****
2026-01-19 11:40:38 INFO  TC_003_LoginDDT:76 - **** Finished TC_003_LoginDDT *****
2026-01-19 11:40:38 INFO  TC_003_LoginDDT:26 - **** Starting TC_003_LoginDDT *****
2026-01-19 11:40:48 INFO  TC_003_LoginDDT:76 - **** Finished TC_003_LoginDDT *****
2026-01-19 11:40:48 INFO  TC_003_LoginDDT:26 - **** Starting TC_003_LoginDDT *****
2026-01-19 11:40:50 INFO  TC_003_LoginDDT:76 - **** Finished TC_003_LoginDDT *****
2026-01-19 11:40:50 INFO  TC_003_LoginDDT:26 - **** Starting TC_003_LoginDDT *****
2026-01-19 11:40:52 INFO  TC_003_LoginDDT:76 - **** Finished TC_003_LoginDDT *****
2026-01-19 11:42:14 INFO  Utils:112 - [TestNG] Running:
  D:\imp\selenium\OpenKart\parallel.xml

2026-01-19 11:42:24 INFO  TC_001_AccountRegistrationTest:15 - Strating TC_001_AccountRegistrationtTest
2026-01-19 11:42:24 INFO  TC_005_AddToCart:14 -  Starting TC_005_AddToCartPageTest 
2026-01-19 11:42:24 INFO  TC_002_LoginTest:16 - Starting TC_002_LoginTest
2026-01-19 11:42:27 INFO  TC_001_AccountRegistrationTest:19 - Clicked on My Account 
2026-01-19 11:42:28 INFO  TC_003_LoginDDT:26 - **** Starting TC_003_LoginDDT *****
2026-01-19 11:42:28 INFO  TC_001_AccountRegistrationTest:22 - Clicked on Register 
2026-01-19 11:42:29 INFO  TC_004_SearchPage:20 -  Starting TC_004_SearchProductTest 
2026-01-19 11:42:29 INFO  TC_001_AccountRegistrationTest:27 - Provided First Name 
2026-01-19 11:42:29 INFO  TC_001_AccountRegistrationTest:30 - Provided Last Name 
2026-01-19 11:42:29 INFO  TC_001_AccountRegistrationTest:34 - Provided Email 
2026-01-19 11:42:29 INFO  TC_001_AccountRegistrationTest:37 - Provided Telephone 
2026-01-19 11:42:30 INFO  TC_001_AccountRegistrationTest:40 - Provided Password 
2026-01-19 11:42:30 INFO  TC_001_AccountRegistrationTest:43 - Provided Confrmed Password 
2026-01-19 11:42:30 INFO  TC_001_AccountRegistrationTest:46 - Set Privacy Policy 
2026-01-19 11:42:31 INFO  TC_004_SearchPage:42 -  Finished TC_004_SearchProductTest 
2026-01-19 11:42:32 INFO  TC_001_AccountRegistrationTest:49 - Clicked on Continue 
2026-01-19 11:42:33 INFO  TC_002_LoginTest:45 -  Finished TC_002_LoginTest
2026-01-19 11:42:34 INFO  TC_001_AccountRegistrationTest:61 - Finished TC_001_AccountRegistrationtTest
2026-01-19 11:42:41 INFO  TC_003_LoginDDT:76 - **** Finished TC_003_LoginDDT *****
2026-01-19 11:42:41 INFO  TC_003_LoginDDT:26 - **** Starting TC_003_LoginDDT *****
2026-01-19 11:42:52 INFO  TC_003_LoginDDT:76 - **** Finished TC_003_LoginDDT *****
2026-01-19 11:42:52 INFO  TC_003_LoginDDT:26 - **** Starting TC_003_LoginDDT *****
2026-01-19 11:43:03 INFO  TC_003_LoginDDT:76 - **** Finished TC_003_LoginDDT *****
2026-01-19 11:43:03 INFO  TC_003_LoginDDT:26 - **** Starting TC_003_LoginDDT *****
2026-01-19 11:43:05 INFO  TC_003_LoginDDT:76 - **** Finished TC_003_LoginDDT *****
2026-01-19 11:43:05 INFO  TC_003_LoginDDT:26 - **** Starting TC_003_LoginDDT *****
2026-01-19 11:43:08 INFO  TC_003_LoginDDT:76 - **** Finished TC_003_LoginDDT *****
2026-01-19 11:45:16 WARN  TestNGContentHandler:133 - It is strongly recommended to add "<!DOCTYPE suite SYSTEM "https://testng.org/testng-1.0.dtd" >" at the top of the suite file [D:\imp\selenium\OpenKart\master.xml] otherwise TestNG may fail or not work as expected.
2026-01-19 11:45:16 INFO  Utils:112 - [TestNG] Running:
  D:\imp\selenium\OpenKart\master.xml

